{"/home/ineoo/github/ineoo/spelling-corrector/src/index.ts": {"path":"/home/ineoo/github/ineoo/spelling-corrector/src/index.ts","all":true,"statementMap":{"2":{"start":{"line":3,"column":0},"end":{"line":3,"column":46}},"4":{"start":{"line":5,"column":0},"end":{"line":5,"column":27}},"5":{"start":{"line":6,"column":0},"end":{"line":6,"column":27}}},"s":{"2":0,"4":0,"5":0},"branchMap":{"0":{"type":"branch","line":1,"loc":{"start":{"line":1,"column":268},"end":{"line":11,"column":8}},"locations":[{"start":{"line":1,"column":268},"end":{"line":11,"column":8}}]}},"b":{"0":[1]},"fnMap":{"0":{"name":"(empty-report)","decl":{"start":{"line":1,"column":268},"end":{"line":11,"column":8}},"loc":{"start":{"line":1,"column":268},"end":{"line":11,"column":8}},"line":1}},"f":{"0":1}}
,"/home/ineoo/github/ineoo/spelling-corrector/src/core/candidates.ts": {"path":"/home/ineoo/github/ineoo/spelling-corrector/src/core/candidates.ts","all":false,"statementMap":{"0":{"start":{"line":1,"column":0},"end":{"line":1,"column":41}},"2":{"start":{"line":3,"column":0},"end":{"line":3,"column":73}},"3":{"start":{"line":4,"column":0},"end":{"line":4,"column":57}},"5":{"start":{"line":6,"column":0},"end":{"line":6,"column":74}},"6":{"start":{"line":7,"column":0},"end":{"line":7,"column":48}},"7":{"start":{"line":8,"column":0},"end":{"line":8,"column":37}},"9":{"start":{"line":10,"column":0},"end":{"line":10,"column":48}},"10":{"start":{"line":11,"column":0},"end":{"line":11,"column":43}},"12":{"start":{"line":13,"column":0},"end":{"line":13,"column":48}},"13":{"start":{"line":14,"column":0},"end":{"line":14,"column":43}},"15":{"start":{"line":16,"column":0},"end":{"line":16,"column":25}},"16":{"start":{"line":17,"column":0},"end":{"line":17,"column":2}}},"s":{"0":1,"2":1,"3":47,"5":1,"6":23,"7":23,"9":17,"10":23,"12":6,"13":23,"15":5,"16":5},"branchMap":{"0":{"type":"branch","line":3,"loc":{"start":{"line":3,"column":21},"end":{"line":4,"column":57}},"locations":[{"start":{"line":3,"column":21},"end":{"line":4,"column":57}}]},"1":{"type":"branch","line":4,"loc":{"start":{"line":4,"column":28},"end":{"line":4,"column":54}},"locations":[{"start":{"line":4,"column":28},"end":{"line":4,"column":54}}]},"2":{"type":"branch","line":6,"loc":{"start":{"line":6,"column":26},"end":{"line":17,"column":2}},"locations":[{"start":{"line":6,"column":26},"end":{"line":17,"column":2}}]},"3":{"type":"branch","line":8,"loc":{"start":{"line":8,"column":23},"end":{"line":8,"column":37}},"locations":[{"start":{"line":8,"column":23},"end":{"line":8,"column":37}}]},"4":{"type":"branch","line":8,"loc":{"start":{"line":8,"column":30},"end":{"line":11,"column":33}},"locations":[{"start":{"line":8,"column":30},"end":{"line":11,"column":33}}]},"5":{"type":"branch","line":11,"loc":{"start":{"line":11,"column":26},"end":{"line":11,"column":43}},"locations":[{"start":{"line":11,"column":26},"end":{"line":11,"column":43}}]},"6":{"type":"branch","line":11,"loc":{"start":{"line":11,"column":33},"end":{"line":14,"column":33}},"locations":[{"start":{"line":11,"column":33},"end":{"line":14,"column":33}}]},"7":{"type":"branch","line":14,"loc":{"start":{"line":14,"column":26},"end":{"line":17,"column":2}},"locations":[{"start":{"line":14,"column":26},"end":{"line":17,"column":2}}]},"8":{"type":"branch","line":14,"loc":{"start":{"line":14,"column":26},"end":{"line":14,"column":43}},"locations":[{"start":{"line":14,"column":26},"end":{"line":14,"column":43}}]},"9":{"type":"branch","line":14,"loc":{"start":{"line":14,"column":33},"end":{"line":17,"column":2}},"locations":[{"start":{"line":14,"column":33},"end":{"line":17,"column":2}}]}},"b":{"0":[47],"1":[202045],"2":[23],"3":[6],"4":[17],"5":[11],"6":[6],"7":[20],"8":[1],"9":[5]},"fnMap":{"0":{"name":"known","decl":{"start":{"line":3,"column":21},"end":{"line":4,"column":57}},"loc":{"start":{"line":3,"column":21},"end":{"line":4,"column":57}},"line":3},"1":{"name":"candidates","decl":{"start":{"line":6,"column":26},"end":{"line":17,"column":2}},"loc":{"start":{"line":6,"column":26},"end":{"line":17,"column":2}},"line":6}},"f":{"0":47,"1":23}}
,"/home/ineoo/github/ineoo/spelling-corrector/src/core/correction.ts": {"path":"/home/ineoo/github/ineoo/spelling-corrector/src/core/correction.ts","all":false,"statementMap":{"0":{"start":{"line":1,"column":0},"end":{"line":1,"column":42}},"1":{"start":{"line":2,"column":0},"end":{"line":2,"column":34}},"3":{"start":{"line":4,"column":0},"end":{"line":4,"column":89}},"4":{"start":{"line":5,"column":0},"end":{"line":5,"column":15}},"5":{"start":{"line":6,"column":0},"end":{"line":6,"column":19}},"6":{"start":{"line":7,"column":0},"end":{"line":7,"column":45}},"7":{"start":{"line":8,"column":0},"end":{"line":8,"column":53}},"8":{"start":{"line":9,"column":0},"end":{"line":9,"column":40}},"9":{"start":{"line":10,"column":0},"end":{"line":10,"column":24}},"10":{"start":{"line":11,"column":0},"end":{"line":11,"column":18}},"11":{"start":{"line":12,"column":0},"end":{"line":12,"column":20}},"12":{"start":{"line":13,"column":0},"end":{"line":13,"column":5}},"13":{"start":{"line":14,"column":0},"end":{"line":14,"column":5}},"15":{"start":{"line":16,"column":0},"end":{"line":16,"column":17}},"16":{"start":{"line":17,"column":0},"end":{"line":17,"column":2}}},"s":{"0":1,"1":1,"3":1,"4":19,"5":19,"6":19,"7":19,"8":19,"9":19,"10":19,"11":19,"12":19,"13":19,"15":19,"16":19},"branchMap":{"0":{"type":"branch","line":4,"loc":{"start":{"line":4,"column":26},"end":{"line":17,"column":2}},"locations":[{"start":{"line":4,"column":26},"end":{"line":17,"column":2}}]},"1":{"type":"branch","line":8,"loc":{"start":{"line":8,"column":45},"end":{"line":14,"column":3}},"locations":[{"start":{"line":8,"column":45},"end":{"line":14,"column":3}}]}},"b":{"0":[19],"1":[19]},"fnMap":{"0":{"name":"correction","decl":{"start":{"line":4,"column":26},"end":{"line":17,"column":2}},"loc":{"start":{"line":4,"column":26},"end":{"line":17,"column":2}},"line":4}},"f":{"0":19}}
,"/home/ineoo/github/ineoo/spelling-corrector/src/core/edits.ts": {"path":"/home/ineoo/github/ineoo/spelling-corrector/src/core/edits.ts","all":false,"statementMap":{"1":{"start":{"line":2,"column":0},"end":{"line":2,"column":45}},"3":{"start":{"line":4,"column":0},"end":{"line":4,"column":49}},"4":{"start":{"line":5,"column":0},"end":{"line":5,"column":20}},"5":{"start":{"line":6,"column":0},"end":{"line":6,"column":14}},"6":{"start":{"line":7,"column":0},"end":{"line":7,"column":3}},"7":{"start":{"line":8,"column":0},"end":{"line":8,"column":94}},"8":{"start":{"line":9,"column":0},"end":{"line":9,"column":2}},"10":{"start":{"line":11,"column":0},"end":{"line":11,"column":42}},"11":{"start":{"line":12,"column":0},"end":{"line":12,"column":69}},"13":{"start":{"line":14,"column":0},"end":{"line":14,"column":45}},"14":{"start":{"line":15,"column":0},"end":{"line":15,"column":83}},"16":{"start":{"line":17,"column":0},"end":{"line":17,"column":43}},"17":{"start":{"line":18,"column":0},"end":{"line":18,"column":28}},"18":{"start":{"line":19,"column":0},"end":{"line":19,"column":76}},"19":{"start":{"line":20,"column":0},"end":{"line":20,"column":4}},"21":{"start":{"line":22,"column":0},"end":{"line":22,"column":42}},"22":{"start":{"line":23,"column":0},"end":{"line":23,"column":68}},"24":{"start":{"line":25,"column":0},"end":{"line":25,"column":41}},"25":{"start":{"line":26,"column":0},"end":{"line":26,"column":32}},"26":{"start":{"line":27,"column":0},"end":{"line":27,"column":18}},"27":{"start":{"line":28,"column":0},"end":{"line":28,"column":25}},"28":{"start":{"line":29,"column":0},"end":{"line":29,"column":25}},"29":{"start":{"line":30,"column":0},"end":{"line":30,"column":28}},"30":{"start":{"line":31,"column":0},"end":{"line":31,"column":26}},"31":{"start":{"line":32,"column":0},"end":{"line":32,"column":5}},"32":{"start":{"line":33,"column":0},"end":{"line":33,"column":2}},"34":{"start":{"line":35,"column":0},"end":{"line":35,"column":41}},"35":{"start":{"line":36,"column":0},"end":{"line":36,"column":33}},"36":{"start":{"line":37,"column":0},"end":{"line":37,"column":78}},"37":{"start":{"line":38,"column":0},"end":{"line":38,"column":2}}},"s":{"1":1,"3":1,"4":1771,"5":5,"6":5,"7":1766,"8":1766,"10":1,"11":1763,"13":1,"14":1763,"16":1,"17":1763,"18":11124,"19":1763,"21":1,"22":1763,"24":1,"25":1761,"26":1761,"27":1761,"28":1761,"29":1761,"30":1761,"31":1761,"32":1761,"34":1,"35":7,"36":7,"37":7},"branchMap":{"0":{"type":"branch","line":4,"loc":{"start":{"line":4,"column":22},"end":{"line":9,"column":2}},"locations":[{"start":{"line":4,"column":22},"end":{"line":9,"column":2}}]},"1":{"type":"branch","line":5,"loc":{"start":{"line":5,"column":19},"end":{"line":7,"column":3}},"locations":[{"start":{"line":5,"column":19},"end":{"line":7,"column":3}}]},"2":{"type":"branch","line":7,"loc":{"start":{"line":7,"column":2},"end":{"line":9,"column":2}},"locations":[{"start":{"line":7,"column":2},"end":{"line":9,"column":2}}]},"3":{"type":"branch","line":8,"loc":{"start":{"line":8,"column":49},"end":{"line":8,"column":92}},"locations":[{"start":{"line":8,"column":49},"end":{"line":8,"column":92}}]},"4":{"type":"branch","line":11,"loc":{"start":{"line":11,"column":23},"end":{"line":12,"column":69}},"locations":[{"start":{"line":11,"column":23},"end":{"line":12,"column":69}}]},"5":{"type":"branch","line":12,"loc":{"start":{"line":12,"column":17},"end":{"line":12,"column":67}},"locations":[{"start":{"line":12,"column":17},"end":{"line":12,"column":67}}]},"6":{"type":"branch","line":12,"loc":{"start":{"line":12,"column":41},"end":{"line":12,"column":64}},"locations":[{"start":{"line":12,"column":41},"end":{"line":12,"column":64}}]},"7":{"type":"branch","line":12,"loc":{"start":{"line":12,"column":60},"end":{"line":12,"column":67}},"locations":[{"start":{"line":12,"column":60},"end":{"line":12,"column":67}}]},"8":{"type":"branch","line":14,"loc":{"start":{"line":14,"column":26},"end":{"line":15,"column":83}},"locations":[{"start":{"line":14,"column":26},"end":{"line":15,"column":83}}]},"9":{"type":"branch","line":15,"loc":{"start":{"line":15,"column":17},"end":{"line":15,"column":81}},"locations":[{"start":{"line":15,"column":17},"end":{"line":15,"column":81}}]},"10":{"type":"branch","line":15,"loc":{"start":{"line":15,"column":41},"end":{"line":15,"column":78}},"locations":[{"start":{"line":15,"column":41},"end":{"line":15,"column":78}}]},"11":{"type":"branch","line":15,"loc":{"start":{"line":15,"column":74},"end":{"line":15,"column":81}},"locations":[{"start":{"line":15,"column":74},"end":{"line":15,"column":81}}]},"12":{"type":"branch","line":17,"loc":{"start":{"line":17,"column":24},"end":{"line":20,"column":4}},"locations":[{"start":{"line":17,"column":24},"end":{"line":20,"column":4}}]},"13":{"type":"branch","line":18,"loc":{"start":{"line":18,"column":17},"end":{"line":19,"column":76}},"locations":[{"start":{"line":18,"column":17},"end":{"line":19,"column":76}}]},"14":{"type":"branch","line":19,"loc":{"start":{"line":19,"column":15},"end":{"line":19,"column":73}},"locations":[{"start":{"line":19,"column":15},"end":{"line":19,"column":73}}]},"15":{"type":"branch","line":19,"loc":{"start":{"line":19,"column":69},"end":{"line":19,"column":76}},"locations":[{"start":{"line":19,"column":69},"end":{"line":19,"column":76}}]},"16":{"type":"branch","line":19,"loc":{"start":{"line":19,"column":43},"end":{"line":19,"column":68}},"locations":[{"start":{"line":19,"column":43},"end":{"line":19,"column":68}}]},"17":{"type":"branch","line":22,"loc":{"start":{"line":22,"column":23},"end":{"line":23,"column":68}},"locations":[{"start":{"line":22,"column":23},"end":{"line":23,"column":68}}]},"18":{"type":"branch","line":23,"loc":{"start":{"line":23,"column":17},"end":{"line":23,"column":66}},"locations":[{"start":{"line":23,"column":17},"end":{"line":23,"column":66}}]},"19":{"type":"branch","line":23,"loc":{"start":{"line":23,"column":49},"end":{"line":23,"column":65}},"locations":[{"start":{"line":23,"column":49},"end":{"line":23,"column":65}}]},"20":{"type":"branch","line":25,"loc":{"start":{"line":25,"column":22},"end":{"line":33,"column":2}},"locations":[{"start":{"line":25,"column":22},"end":{"line":33,"column":2}}]},"21":{"type":"branch","line":35,"loc":{"start":{"line":35,"column":22},"end":{"line":38,"column":2}},"locations":[{"start":{"line":35,"column":22},"end":{"line":38,"column":2}}]},"22":{"type":"branch","line":37,"loc":{"start":{"line":37,"column":47},"end":{"line":37,"column":75}},"locations":[{"start":{"line":37,"column":47},"end":{"line":37,"column":75}}]}},"b":{"0":[1771],"1":[5],"2":[1766],"3":[11140],"4":[1763],"5":[11124],"6":[9362],"7":[1762],"8":[1763],"9":[11124],"10":[7600],"11":[3524],"12":[1763],"13":[11124],"14":[9362],"15":[1762],"16":[243412],"17":[1763],"18":[11124],"19":[289224],"20":[1761],"21":[7],"22":[1736]},"fnMap":{"0":{"name":"splits","decl":{"start":{"line":4,"column":22},"end":{"line":9,"column":2}},"loc":{"start":{"line":4,"column":22},"end":{"line":9,"column":2}},"line":4},"1":{"name":"deletes","decl":{"start":{"line":11,"column":23},"end":{"line":12,"column":69}},"loc":{"start":{"line":11,"column":23},"end":{"line":12,"column":69}},"line":11},"2":{"name":"transposes","decl":{"start":{"line":14,"column":26},"end":{"line":15,"column":83}},"loc":{"start":{"line":14,"column":26},"end":{"line":15,"column":83}},"line":14},"3":{"name":"replaces","decl":{"start":{"line":17,"column":24},"end":{"line":20,"column":4}},"loc":{"start":{"line":17,"column":24},"end":{"line":20,"column":4}},"line":17},"4":{"name":"inserts","decl":{"start":{"line":22,"column":23},"end":{"line":23,"column":68}},"loc":{"start":{"line":22,"column":23},"end":{"line":23,"column":68}},"line":22},"5":{"name":"edits1","decl":{"start":{"line":25,"column":22},"end":{"line":33,"column":2}},"loc":{"start":{"line":25,"column":22},"end":{"line":33,"column":2}},"line":25},"6":{"name":"edits2","decl":{"start":{"line":35,"column":22},"end":{"line":38,"column":2}},"loc":{"start":{"line":35,"column":22},"end":{"line":38,"column":2}},"line":35}},"f":{"0":1771,"1":1763,"2":1763,"3":1763,"4":1763,"5":1761,"6":7}}
,"/home/ineoo/github/ineoo/spelling-corrector/src/core/probability.ts": {"path":"/home/ineoo/github/ineoo/spelling-corrector/src/core/probability.ts","all":false,"statementMap":{"0":{"start":{"line":1,"column":0},"end":{"line":1,"column":49}},"1":{"start":{"line":2,"column":0},"end":{"line":2,"column":57}},"3":{"start":{"line":4,"column":0},"end":{"line":4,"column":76}},"4":{"start":{"line":5,"column":0},"end":{"line":5,"column":37}},"5":{"start":{"line":6,"column":0},"end":{"line":6,"column":2}}},"s":{"0":1,"1":8,"3":1,"4":22,"5":22},"branchMap":{"0":{"type":"branch","line":1,"loc":{"start":{"line":1,"column":17},"end":{"line":2,"column":57}},"locations":[{"start":{"line":1,"column":17},"end":{"line":2,"column":57}}]},"1":{"type":"branch","line":2,"loc":{"start":{"line":2,"column":37},"end":{"line":2,"column":54}},"locations":[{"start":{"line":2,"column":37},"end":{"line":2,"column":54}}]},"2":{"type":"branch","line":4,"loc":{"start":{"line":4,"column":17},"end":{"line":6,"column":2}},"locations":[{"start":{"line":4,"column":17},"end":{"line":6,"column":2}}]},"3":{"type":"branch","line":5,"loc":{"start":{"line":5,"column":25},"end":{"line":5,"column":35}},"locations":[{"start":{"line":5,"column":25},"end":{"line":5,"column":35}}]}},"b":{"0":[8],"1":[99],"2":[22],"3":[4]},"fnMap":{"0":{"name":"N","decl":{"start":{"line":1,"column":17},"end":{"line":2,"column":57}},"loc":{"start":{"line":1,"column":17},"end":{"line":2,"column":57}},"line":1},"1":{"name":"P","decl":{"start":{"line":4,"column":17},"end":{"line":6,"column":2}},"loc":{"start":{"line":4,"column":17},"end":{"line":6,"column":2}},"line":4}},"f":{"0":8,"1":22}}
,"/home/ineoo/github/ineoo/spelling-corrector/src/core/spellChecker.ts": {"path":"/home/ineoo/github/ineoo/spelling-corrector/src/core/spellChecker.ts","all":false,"statementMap":{"0":{"start":{"line":1,"column":0},"end":{"line":1,"column":42}},"1":{"start":{"line":2,"column":0},"end":{"line":2,"column":34}},"2":{"start":{"line":3,"column":0},"end":{"line":3,"column":68}},"4":{"start":{"line":5,"column":0},"end":{"line":5,"column":27}},"5":{"start":{"line":6,"column":0},"end":{"line":6,"column":45}},"6":{"start":{"line":7,"column":0},"end":{"line":7,"column":24}},"8":{"start":{"line":9,"column":0},"end":{"line":9,"column":17}},"9":{"start":{"line":10,"column":0},"end":{"line":10,"column":23}},"10":{"start":{"line":11,"column":0},"end":{"line":11,"column":19}},"11":{"start":{"line":12,"column":0},"end":{"line":12,"column":3}},"13":{"start":{"line":14,"column":0},"end":{"line":14,"column":39}},"14":{"start":{"line":15,"column":0},"end":{"line":15,"column":46}},"15":{"start":{"line":16,"column":0},"end":{"line":16,"column":3}},"17":{"start":{"line":18,"column":0},"end":{"line":18,"column":44}},"18":{"start":{"line":19,"column":0},"end":{"line":19,"column":52}},"19":{"start":{"line":20,"column":0},"end":{"line":20,"column":32}},"20":{"start":{"line":21,"column":0},"end":{"line":21,"column":3}},"22":{"start":{"line":23,"column":0},"end":{"line":23,"column":41}},"23":{"start":{"line":24,"column":0},"end":{"line":24,"column":45}},"24":{"start":{"line":25,"column":0},"end":{"line":25,"column":32}},"25":{"start":{"line":26,"column":0},"end":{"line":26,"column":3}},"27":{"start":{"line":28,"column":0},"end":{"line":28,"column":36}},"28":{"start":{"line":29,"column":0},"end":{"line":29,"column":31}},"29":{"start":{"line":30,"column":0},"end":{"line":30,"column":32}},"30":{"start":{"line":31,"column":0},"end":{"line":31,"column":5}},"31":{"start":{"line":32,"column":0},"end":{"line":32,"column":53}},"32":{"start":{"line":33,"column":0},"end":{"line":33,"column":3}},"34":{"start":{"line":35,"column":0},"end":{"line":35,"column":44}},"35":{"start":{"line":36,"column":0},"end":{"line":36,"column":52}},"36":{"start":{"line":37,"column":0},"end":{"line":37,"column":17}},"37":{"start":{"line":38,"column":0},"end":{"line":38,"column":23}},"38":{"start":{"line":39,"column":0},"end":{"line":39,"column":34}},"39":{"start":{"line":40,"column":0},"end":{"line":40,"column":37}},"40":{"start":{"line":41,"column":0},"end":{"line":41,"column":38}},"41":{"start":{"line":42,"column":0},"end":{"line":42,"column":11}},"42":{"start":{"line":43,"column":0},"end":{"line":43,"column":60}},"43":{"start":{"line":44,"column":0},"end":{"line":44,"column":9}},"44":{"start":{"line":45,"column":0},"end":{"line":45,"column":21}},"45":{"start":{"line":46,"column":0},"end":{"line":46,"column":8}},"46":{"start":{"line":47,"column":0},"end":{"line":47,"column":16}},"47":{"start":{"line":48,"column":0},"end":{"line":48,"column":3}},"48":{"start":{"line":49,"column":0},"end":{"line":49,"column":1}}},"s":{"0":1,"1":1,"2":1,"4":1,"5":1,"6":7,"8":1,"9":7,"10":7,"11":7,"13":1,"14":2,"15":2,"17":1,"18":1,"19":1,"20":1,"22":1,"23":4,"24":4,"25":4,"27":1,"28":8,"29":1,"30":1,"31":7,"32":8,"34":1,"35":4,"36":4,"37":4,"38":17,"39":9,"40":1,"41":1,"42":8,"43":8,"44":8,"45":4,"46":4,"47":4,"48":1},"branchMap":{"0":{"type":"branch","line":6,"loc":{"start":{"line":6,"column":10},"end":{"line":7,"column":24}},"locations":[{"start":{"line":6,"column":10},"end":{"line":7,"column":24}}]},"1":{"type":"branch","line":9,"loc":{"start":{"line":9,"column":2},"end":{"line":12,"column":3}},"locations":[{"start":{"line":9,"column":2},"end":{"line":12,"column":3}}]},"2":{"type":"branch","line":14,"loc":{"start":{"line":14,"column":10},"end":{"line":16,"column":3}},"locations":[{"start":{"line":14,"column":10},"end":{"line":16,"column":3}}]},"3":{"type":"branch","line":18,"loc":{"start":{"line":18,"column":2},"end":{"line":21,"column":3}},"locations":[{"start":{"line":18,"column":2},"end":{"line":21,"column":3}}]},"4":{"type":"branch","line":23,"loc":{"start":{"line":23,"column":9},"end":{"line":26,"column":3}},"locations":[{"start":{"line":23,"column":9},"end":{"line":26,"column":3}}]},"5":{"type":"branch","line":28,"loc":{"start":{"line":28,"column":9},"end":{"line":33,"column":3}},"locations":[{"start":{"line":28,"column":9},"end":{"line":33,"column":3}}]},"6":{"type":"branch","line":29,"loc":{"start":{"line":29,"column":30},"end":{"line":31,"column":5}},"locations":[{"start":{"line":29,"column":30},"end":{"line":31,"column":5}}]},"7":{"type":"branch","line":31,"loc":{"start":{"line":31,"column":4},"end":{"line":32,"column":53}},"locations":[{"start":{"line":31,"column":4},"end":{"line":32,"column":53}}]},"8":{"type":"branch","line":35,"loc":{"start":{"line":35,"column":9},"end":{"line":48,"column":3}},"locations":[{"start":{"line":35,"column":9},"end":{"line":48,"column":3}}]},"9":{"type":"branch","line":36,"loc":{"start":{"line":36,"column":44},"end":{"line":36,"column":52}},"locations":[{"start":{"line":36,"column":44},"end":{"line":36,"column":52}}]},"10":{"type":"branch","line":38,"loc":{"start":{"line":38,"column":11},"end":{"line":46,"column":7}},"locations":[{"start":{"line":38,"column":11},"end":{"line":46,"column":7}}]},"11":{"type":"branch","line":39,"loc":{"start":{"line":39,"column":33},"end":{"line":44,"column":9}},"locations":[{"start":{"line":39,"column":33},"end":{"line":44,"column":9}}]},"12":{"type":"branch","line":40,"loc":{"start":{"line":40,"column":36},"end":{"line":42,"column":11}},"locations":[{"start":{"line":40,"column":36},"end":{"line":42,"column":11}}]},"13":{"type":"branch","line":42,"loc":{"start":{"line":42,"column":10},"end":{"line":44,"column":9}},"locations":[{"start":{"line":42,"column":10},"end":{"line":44,"column":9}}]},"14":{"type":"branch","line":44,"loc":{"start":{"line":44,"column":8},"end":{"line":45,"column":21}},"locations":[{"start":{"line":44,"column":8},"end":{"line":45,"column":21}}]}},"b":{"0":[7],"1":[7],"2":[2],"3":[1],"4":[4],"5":[8],"6":[1],"7":[7],"8":[4],"9":[1],"10":[17],"11":[9],"12":[1],"13":[8],"14":[8]},"fnMap":{"0":{"name":"<instance_members_initializer>","decl":{"start":{"line":6,"column":10},"end":{"line":7,"column":24}},"loc":{"start":{"line":6,"column":10},"end":{"line":7,"column":24}},"line":6},"1":{"name":"SpellChecker","decl":{"start":{"line":9,"column":2},"end":{"line":12,"column":3}},"loc":{"start":{"line":9,"column":2},"end":{"line":12,"column":3}},"line":9},"2":{"name":"handleCorpusNotSet","decl":{"start":{"line":14,"column":10},"end":{"line":16,"column":3}},"loc":{"start":{"line":14,"column":10},"end":{"line":16,"column":3}},"line":14},"3":{"name":"addFileCorpus","decl":{"start":{"line":18,"column":2},"end":{"line":21,"column":3}},"loc":{"start":{"line":18,"column":2},"end":{"line":21,"column":3}},"line":18},"4":{"name":"addStringCorpus","decl":{"start":{"line":23,"column":9},"end":{"line":26,"column":3}},"loc":{"start":{"line":23,"column":9},"end":{"line":26,"column":3}},"line":23},"5":{"name":"correctWord","decl":{"start":{"line":28,"column":9},"end":{"line":33,"column":3}},"loc":{"start":{"line":28,"column":9},"end":{"line":33,"column":3}},"line":28},"6":{"name":"correctSentence","decl":{"start":{"line":35,"column":9},"end":{"line":48,"column":3}},"loc":{"start":{"line":35,"column":9},"end":{"line":48,"column":3}},"line":35}},"f":{"0":7,"1":7,"2":2,"3":1,"4":4,"5":8,"6":4}}
,"/home/ineoo/github/ineoo/spelling-corrector/src/core/word.ts": {"path":"/home/ineoo/github/ineoo/spelling-corrector/src/core/word.ts","all":false,"statementMap":{"0":{"start":{"line":1,"column":0},"end":{"line":1,"column":43}},"2":{"start":{"line":3,"column":0},"end":{"line":3,"column":81}},"3":{"start":{"line":4,"column":0},"end":{"line":4,"column":84}},"5":{"start":{"line":6,"column":0},"end":{"line":6,"column":37}},"6":{"start":{"line":7,"column":0},"end":{"line":7,"column":50}},"7":{"start":{"line":8,"column":0},"end":{"line":8,"column":3}},"8":{"start":{"line":9,"column":0},"end":{"line":9,"column":1}},"10":{"start":{"line":11,"column":0},"end":{"line":11,"column":92}},"11":{"start":{"line":12,"column":0},"end":{"line":12,"column":44}},"13":{"start":{"line":14,"column":0},"end":{"line":14,"column":53}},"14":{"start":{"line":15,"column":0},"end":{"line":15,"column":31}},"15":{"start":{"line":16,"column":0},"end":{"line":16,"column":54}},"16":{"start":{"line":17,"column":0},"end":{"line":17,"column":5}},"17":{"start":{"line":18,"column":0},"end":{"line":18,"column":3}},"19":{"start":{"line":20,"column":0},"end":{"line":20,"column":17}},"20":{"start":{"line":21,"column":0},"end":{"line":21,"column":2}},"22":{"start":{"line":23,"column":0},"end":{"line":23,"column":54}},"23":{"start":{"line":24,"column":0},"end":{"line":24,"column":44}},"24":{"start":{"line":25,"column":0},"end":{"line":25,"column":55}},"26":{"start":{"line":27,"column":0},"end":{"line":27,"column":29}},"27":{"start":{"line":28,"column":0},"end":{"line":28,"column":52}},"28":{"start":{"line":29,"column":0},"end":{"line":29,"column":3}},"30":{"start":{"line":31,"column":0},"end":{"line":31,"column":17}},"31":{"start":{"line":32,"column":0},"end":{"line":32,"column":2}}},"s":{"0":1,"2":4,"3":4,"5":4,"6":4,"7":4,"8":4,"10":1,"11":2,"13":2,"14":2,"15":210,"16":210,"17":2,"19":2,"20":2,"22":1,"23":7,"24":7,"26":7,"27":21,"28":21,"30":7,"31":7},"branchMap":{"0":{"type":"branch","line":3,"loc":{"start":{"line":3,"column":0},"end":{"line":9,"column":1}},"locations":[{"start":{"line":3,"column":0},"end":{"line":9,"column":1}}]},"1":{"type":"branch","line":7,"loc":{"start":{"line":7,"column":42},"end":{"line":7,"column":50}},"locations":[{"start":{"line":7,"column":42},"end":{"line":7,"column":50}}]},"2":{"type":"branch","line":11,"loc":{"start":{"line":11,"column":37},"end":{"line":21,"column":2}},"locations":[{"start":{"line":11,"column":37},"end":{"line":21,"column":2}}]},"3":{"type":"branch","line":15,"loc":{"start":{"line":15,"column":30},"end":{"line":17,"column":5}},"locations":[{"start":{"line":15,"column":30},"end":{"line":17,"column":5}}]},"4":{"type":"branch","line":16,"loc":{"start":{"line":16,"column":41},"end":{"line":16,"column":51}},"locations":[{"start":{"line":16,"column":41},"end":{"line":16,"column":51}}]},"5":{"type":"branch","line":23,"loc":{"start":{"line":23,"column":35},"end":{"line":32,"column":2}},"locations":[{"start":{"line":23,"column":35},"end":{"line":32,"column":2}}]},"6":{"type":"branch","line":25,"loc":{"start":{"line":25,"column":47},"end":{"line":25,"column":55}},"locations":[{"start":{"line":25,"column":47},"end":{"line":25,"column":55}}]},"7":{"type":"branch","line":27,"loc":{"start":{"line":27,"column":28},"end":{"line":29,"column":3}},"locations":[{"start":{"line":27,"column":28},"end":{"line":29,"column":3}}]},"8":{"type":"branch","line":28,"loc":{"start":{"line":28,"column":39},"end":{"line":28,"column":49}},"locations":[{"start":{"line":28,"column":39},"end":{"line":28,"column":49}}]}},"b":{"0":[4],"1":[1],"2":[2],"3":[210],"4":[154],"5":[7],"6":[1],"7":[21],"8":[18]},"fnMap":{"0":{"name":"getWordsFromFile","decl":{"start":{"line":3,"column":0},"end":{"line":9,"column":1}},"loc":{"start":{"line":3,"column":0},"end":{"line":9,"column":1}},"line":3},"1":{"name":"buildWordFreqFromFile","decl":{"start":{"line":11,"column":37},"end":{"line":21,"column":2}},"loc":{"start":{"line":11,"column":37},"end":{"line":21,"column":2}},"line":11},"2":{"name":"buildWordFreqString","decl":{"start":{"line":23,"column":35},"end":{"line":32,"column":2}},"loc":{"start":{"line":23,"column":35},"end":{"line":32,"column":2}},"line":23}},"f":{"0":4,"1":2,"2":7}}
}
